app/build/intermediates/manifest_merge_blame_file/debug/manifest-merger-blame-debug-report.txt
1<?xml version="1.0" encoding="utf-8"?>
2<manifest xmlns:android="http://schemas.android.com/apk/res/android"
3    package="ke.co.kelynpaul.scribblr"
4    android:versionCode="1"
5    android:versionName="1.0" >
6
7    <uses-sdk
8        android:minSdkVersion="22"
8-->src/main/AndroidManifest.xml
9        android:targetSdkVersion="29" />
9-->src/main/AndroidManifest.xml
10
11    <uses-permission android:name="android.permission.ACCESS_NETWORK_STATE" />
11-->[com.firebaseui:firebase-ui-auth:6.2.0] AndroidManifest.xml:12:5-79
11-->[com.firebaseui:firebase-ui-auth:6.2.0] AndroidManifest.xml:12:22-76
12    <uses-permission android:name="android.permission.INTERNET" />
12-->[com.firebaseui:firebase-ui-auth:6.2.0] AndroidManifest.xml:13:5-67
12-->[com.firebaseui:firebase-ui-auth:6.2.0] AndroidManifest.xml:13:22-64
13    <uses-permission android:name="android.permission.WAKE_LOCK" /> <!-- Required by older versions of Google Play services to create IID tokens -->
13-->[com.google.android.gms:play-services-measurement-api:17.2.2] AndroidManifest.xml:24:5-68
13-->[com.google.android.gms:play-services-measurement-api:17.2.2] AndroidManifest.xml:24:22-65
14    <uses-permission android:name="com.google.android.c2dm.permission.RECEIVE" />
14-->[com.google.firebase:firebase-iid:20.0.2] AndroidManifest.xml:26:5-82
14-->[com.google.firebase:firebase-iid:20.0.2] AndroidManifest.xml:26:22-79
15    <uses-permission android:name="com.google.android.finsky.permission.BIND_GET_INSTALL_REFERRER_SERVICE" />
15-->[com.google.android.gms:play-services-measurement:17.2.2] AndroidManifest.xml:26:5-110
15-->[com.google.android.gms:play-services-measurement:17.2.2] AndroidManifest.xml:26:22-107
16
17    <application
17-->src/main/AndroidManifest.xml:5:5-20:19
18        android:allowBackup="true"
18-->src/main/AndroidManifest.xml:6:9-35
19        android:appComponentFactory="androidx.core.app.CoreComponentFactory"
19-->[androidx.core:core:1.1.0] AndroidManifest.xml:24:18-86
20        android:debuggable="true"
21        android:icon="@mipmap/ic_launcher"
21-->src/main/AndroidManifest.xml:7:9-43
22        android:label="@string/app_name"
22-->src/main/AndroidManifest.xml:8:9-41
23        android:roundIcon="@mipmap/ic_launcher_round"
23-->src/main/AndroidManifest.xml:9:9-54
24        android:supportsRtl="true"
24-->src/main/AndroidManifest.xml:10:9-35
25        android:testOnly="true"
26        android:theme="@style/AppTheme" >
26-->src/main/AndroidManifest.xml:11:9-40
27        <activity android:name="ke.co.kelynpaul.scribblr.AddNewNote" />
27-->src/main/AndroidManifest.xml:12:9-57
27-->src/main/AndroidManifest.xml:12:19-45
28        <activity android:name="ke.co.kelynpaul.scribblr.MainActivity" >
28-->src/main/AndroidManifest.xml:13:9-19:20
28-->src/main/AndroidManifest.xml:13:19-47
29            <intent-filter>
29-->src/main/AndroidManifest.xml:14:13-18:29
30                <action android:name="android.intent.action.MAIN" />
30-->src/main/AndroidManifest.xml:15:17-69
30-->src/main/AndroidManifest.xml:15:25-66
31
32                <category android:name="android.intent.category.LAUNCHER" />
32-->src/main/AndroidManifest.xml:17:17-77
32-->src/main/AndroidManifest.xml:17:27-74
33            </intent-filter>
34        </activity>
35
36        <meta-data
36-->[com.firebaseui:firebase-ui-auth:6.2.0] AndroidManifest.xml:16:9-18:69
37            android:name="com.google.android.gms.version"
37-->[com.firebaseui:firebase-ui-auth:6.2.0] AndroidManifest.xml:17:13-58
38            android:value="@integer/google_play_services_version" />
38-->[com.firebaseui:firebase-ui-auth:6.2.0] AndroidManifest.xml:18:13-66
39        <meta-data
39-->[com.firebaseui:firebase-ui-auth:6.2.0] AndroidManifest.xml:19:9-21:63
40            android:name="com.facebook.sdk.ApplicationId"
40-->[com.firebaseui:firebase-ui-auth:6.2.0] AndroidManifest.xml:20:13-58
41            android:value="@string/facebook_application_id" />
41-->[com.firebaseui:firebase-ui-auth:6.2.0] AndroidManifest.xml:21:13-60
42
43        <activity
43-->[com.firebaseui:firebase-ui-auth:6.2.0] AndroidManifest.xml:23:9-27:61
44            android:name="com.firebase.ui.auth.KickoffActivity"
44-->[com.firebaseui:firebase-ui-auth:6.2.0] AndroidManifest.xml:24:13-64
45            android:exported="false"
45-->[com.firebaseui:firebase-ui-auth:6.2.0] AndroidManifest.xml:25:13-37
46            android:label=""
46-->[com.firebaseui:firebase-ui-auth:6.2.0] AndroidManifest.xml:26:13-29
47            android:theme="@style/FirebaseUI.Transparent" />
47-->[com.firebaseui:firebase-ui-auth:6.2.0] AndroidManifest.xml:27:13-58
48        <activity
48-->[com.firebaseui:firebase-ui-auth:6.2.0] AndroidManifest.xml:28:9-32:61
49            android:name="com.firebase.ui.auth.ui.idp.SingleSignInActivity"
49-->[com.firebaseui:firebase-ui-auth:6.2.0] AndroidManifest.xml:29:13-76
50            android:exported="false"
50-->[com.firebaseui:firebase-ui-auth:6.2.0] AndroidManifest.xml:30:13-37
51            android:label=""
51-->[com.firebaseui:firebase-ui-auth:6.2.0] AndroidManifest.xml:31:13-29
52            android:theme="@style/FirebaseUI.Transparent" />
52-->[com.firebaseui:firebase-ui-auth:6.2.0] AndroidManifest.xml:32:13-58
53        <activity
53-->[com.firebaseui:firebase-ui-auth:6.2.0] AndroidManifest.xml:33:9-37:61
54            android:name="com.firebase.ui.auth.ui.credentials.CredentialSaveActivity"
54-->[com.firebaseui:firebase-ui-auth:6.2.0] AndroidManifest.xml:34:13-86
55            android:exported="false"
55-->[com.firebaseui:firebase-ui-auth:6.2.0] AndroidManifest.xml:35:13-37
56            android:label=""
56-->[com.firebaseui:firebase-ui-auth:6.2.0] AndroidManifest.xml:36:13-29
57            android:theme="@style/FirebaseUI.Transparent" />
57-->[com.firebaseui:firebase-ui-auth:6.2.0] AndroidManifest.xml:37:13-58
58        <activity
58-->[com.firebaseui:firebase-ui-auth:6.2.0] AndroidManifest.xml:38:9-42:58
59            android:name="com.firebase.ui.auth.ui.email.RecoverPasswordActivity"
59-->[com.firebaseui:firebase-ui-auth:6.2.0] AndroidManifest.xml:39:13-81
60            android:exported="false"
60-->[com.firebaseui:firebase-ui-auth:6.2.0] AndroidManifest.xml:40:13-37
61            android:label="@string/fui_title_recover_password_activity"
61-->[com.firebaseui:firebase-ui-auth:6.2.0] AndroidManifest.xml:41:13-72
62            android:windowSoftInputMode="adjustResize" />
62-->[com.firebaseui:firebase-ui-auth:6.2.0] AndroidManifest.xml:42:13-55
63        <activity
63-->[com.firebaseui:firebase-ui-auth:6.2.0] AndroidManifest.xml:43:9-47:58
64            android:name="com.firebase.ui.auth.ui.email.EmailActivity"
64-->[com.firebaseui:firebase-ui-auth:6.2.0] AndroidManifest.xml:44:13-71
65            android:exported="false"
65-->[com.firebaseui:firebase-ui-auth:6.2.0] AndroidManifest.xml:45:13-37
66            android:label="@string/fui_sign_in_default"
66-->[com.firebaseui:firebase-ui-auth:6.2.0] AndroidManifest.xml:46:13-56
67            android:windowSoftInputMode="adjustResize" />
67-->[com.firebaseui:firebase-ui-auth:6.2.0] AndroidManifest.xml:47:13-55
68        <activity
68-->[com.firebaseui:firebase-ui-auth:6.2.0] AndroidManifest.xml:48:9-52:77
69            android:name="com.firebase.ui.auth.ui.phone.PhoneActivity"
69-->[com.firebaseui:firebase-ui-auth:6.2.0] AndroidManifest.xml:49:13-71
70            android:exported="false"
70-->[com.firebaseui:firebase-ui-auth:6.2.0] AndroidManifest.xml:50:13-37
71            android:label="@string/fui_sign_in_with_phone_number"
71-->[com.firebaseui:firebase-ui-auth:6.2.0] AndroidManifest.xml:51:13-66
72            android:windowSoftInputMode="adjustResize|stateAlwaysVisible" />
72-->[com.firebaseui:firebase-ui-auth:6.2.0] AndroidManifest.xml:52:13-74
73        <activity
73-->[com.firebaseui:firebase-ui-auth:6.2.0] AndroidManifest.xml:53:9-57:58
74            android:name="com.firebase.ui.auth.ui.idp.WelcomeBackIdpPrompt"
74-->[com.firebaseui:firebase-ui-auth:6.2.0] AndroidManifest.xml:54:13-76
75            android:exported="false"
75-->[com.firebaseui:firebase-ui-auth:6.2.0] AndroidManifest.xml:55:13-37
76            android:label="@string/fui_title_welcome_back_idp_prompt"
76-->[com.firebaseui:firebase-ui-auth:6.2.0] AndroidManifest.xml:56:13-70
77            android:windowSoftInputMode="adjustResize" />
77-->[com.firebaseui:firebase-ui-auth:6.2.0] AndroidManifest.xml:57:13-55
78        <activity
78-->[com.firebaseui:firebase-ui-auth:6.2.0] AndroidManifest.xml:58:9-62:58
79            android:name="com.firebase.ui.auth.ui.email.WelcomeBackPasswordPrompt"
79-->[com.firebaseui:firebase-ui-auth:6.2.0] AndroidManifest.xml:59:13-83
80            android:exported="false"
80-->[com.firebaseui:firebase-ui-auth:6.2.0] AndroidManifest.xml:60:13-37
81            android:label="@string/fui_title_welcome_back_password_prompt"
81-->[com.firebaseui:firebase-ui-auth:6.2.0] AndroidManifest.xml:61:13-75
82            android:windowSoftInputMode="adjustResize" />
82-->[com.firebaseui:firebase-ui-auth:6.2.0] AndroidManifest.xml:62:13-55
83        <activity
83-->[com.firebaseui:firebase-ui-auth:6.2.0] AndroidManifest.xml:63:9-67:58
84            android:name="com.firebase.ui.auth.ui.email.WelcomeBackEmailLinkPrompt"
84-->[com.firebaseui:firebase-ui-auth:6.2.0] AndroidManifest.xml:64:13-84
85            android:exported="false"
85-->[com.firebaseui:firebase-ui-auth:6.2.0] AndroidManifest.xml:65:13-37
86            android:label="@string/fui_title_welcome_back_password_prompt"
86-->[com.firebaseui:firebase-ui-auth:6.2.0] AndroidManifest.xml:66:13-75
87            android:windowSoftInputMode="adjustResize" />
87-->[com.firebaseui:firebase-ui-auth:6.2.0] AndroidManifest.xml:67:13-55
88        <activity
88-->[com.firebaseui:firebase-ui-auth:6.2.0] AndroidManifest.xml:68:9-73:58
89            android:name="com.firebase.ui.auth.ui.email.EmailLinkCatcherActivity"
89-->[com.firebaseui:firebase-ui-auth:6.2.0] AndroidManifest.xml:69:13-82
90            android:exported="false"
90-->[com.firebaseui:firebase-ui-auth:6.2.0] AndroidManifest.xml:70:13-37
91            android:label=""
91-->[com.firebaseui:firebase-ui-auth:6.2.0] AndroidManifest.xml:71:13-29
92            android:theme="@style/FirebaseUI.Transparent"
92-->[com.firebaseui:firebase-ui-auth:6.2.0] AndroidManifest.xml:72:13-58
93            android:windowSoftInputMode="adjustResize" />
93-->[com.firebaseui:firebase-ui-auth:6.2.0] AndroidManifest.xml:73:13-55
94        <activity
94-->[com.firebaseui:firebase-ui-auth:6.2.0] AndroidManifest.xml:74:9-78:58
95            android:name="com.firebase.ui.auth.ui.email.EmailLinkErrorRecoveryActivity"
95-->[com.firebaseui:firebase-ui-auth:6.2.0] AndroidManifest.xml:75:13-88
96            android:exported="false"
96-->[com.firebaseui:firebase-ui-auth:6.2.0] AndroidManifest.xml:76:13-37
97            android:label="@string/fui_sign_in_default"
97-->[com.firebaseui:firebase-ui-auth:6.2.0] AndroidManifest.xml:77:13-56
98            android:windowSoftInputMode="adjustResize" />
98-->[com.firebaseui:firebase-ui-auth:6.2.0] AndroidManifest.xml:78:13-55
99        <activity
99-->[com.firebaseui:firebase-ui-auth:6.2.0] AndroidManifest.xml:79:9-82:65
100            android:name="com.firebase.ui.auth.ui.idp.AuthMethodPickerActivity"
100-->[com.firebaseui:firebase-ui-auth:6.2.0] AndroidManifest.xml:80:13-80
101            android:exported="false"
101-->[com.firebaseui:firebase-ui-auth:6.2.0] AndroidManifest.xml:81:13-37
102            android:label="@string/fui_default_toolbar_title" />
102-->[com.firebaseui:firebase-ui-auth:6.2.0] AndroidManifest.xml:82:13-62
103        <activity
103-->[com.firebaseui:firebase-ui-auth:6.2.0] AndroidManifest.xml:83:9-87:48
104            android:name="com.facebook.FacebookActivity"
104-->[com.firebaseui:firebase-ui-auth:6.2.0] AndroidManifest.xml:84:13-57
105            android:configChanges="keyboard|keyboardHidden|screenLayout|screenSize|orientation"
105-->[com.firebaseui:firebase-ui-auth:6.2.0] AndroidManifest.xml:85:13-96
106            android:label="@string/app_name" />
106-->[com.firebaseui:firebase-ui-auth:6.2.0] AndroidManifest.xml:86:13-45
107        <activity
107-->[com.firebaseui:firebase-ui-auth:6.2.0] AndroidManifest.xml:88:9-100:20
108            android:name="com.facebook.CustomTabActivity"
108-->[com.firebaseui:firebase-ui-auth:6.2.0] AndroidManifest.xml:89:13-58
109            android:exported="true" >
109-->[com.firebaseui:firebase-ui-auth:6.2.0] AndroidManifest.xml:90:13-36
110            <intent-filter>
110-->[com.firebaseui:firebase-ui-auth:6.2.0] AndroidManifest.xml:92:13-99:29
111                <action android:name="android.intent.action.VIEW" />
111-->[com.firebaseui:firebase-ui-auth:6.2.0] AndroidManifest.xml:93:17-69
111-->[com.firebaseui:firebase-ui-auth:6.2.0] AndroidManifest.xml:93:25-66
112
113                <category android:name="android.intent.category.DEFAULT" />
113-->[com.firebaseui:firebase-ui-auth:6.2.0] AndroidManifest.xml:95:17-76
113-->[com.firebaseui:firebase-ui-auth:6.2.0] AndroidManifest.xml:95:27-73
114                <category android:name="android.intent.category.BROWSABLE" />
114-->[com.firebaseui:firebase-ui-auth:6.2.0] AndroidManifest.xml:96:17-78
114-->[com.firebaseui:firebase-ui-auth:6.2.0] AndroidManifest.xml:96:27-75
115
116                <data android:scheme="@string/facebook_login_protocol_scheme" />
116-->[com.firebaseui:firebase-ui-auth:6.2.0] AndroidManifest.xml:98:17-81
116-->[com.firebaseui:firebase-ui-auth:6.2.0] AndroidManifest.xml:98:23-78
117            </intent-filter>
118        </activity>
119
120        <provider
120-->[com.firebaseui:firebase-ui-auth:6.2.0] AndroidManifest.xml:102:9-106:38
121            android:name="com.firebase.ui.auth.data.client.AuthUiInitProvider"
121-->[com.firebaseui:firebase-ui-auth:6.2.0] AndroidManifest.xml:103:13-79
122            android:authorities="ke.co.kelynpaul.scribblr.authuiinitprovider"
122-->[com.firebaseui:firebase-ui-auth:6.2.0] AndroidManifest.xml:104:13-70
123            android:exported="false"
123-->[com.firebaseui:firebase-ui-auth:6.2.0] AndroidManifest.xml:105:13-37
124            android:initOrder="90" />
124-->[com.firebaseui:firebase-ui-auth:6.2.0] AndroidManifest.xml:106:13-35
125
126        <activity
126-->[com.google.firebase:firebase-auth:19.2.0] AndroidManifest.xml:24:9-31:50
127            android:name="com.google.firebase.auth.internal.FederatedSignInActivity"
127-->[com.google.firebase:firebase-auth:19.2.0] AndroidManifest.xml:25:13-85
128            android:excludeFromRecents="true"
128-->[com.google.firebase:firebase-auth:19.2.0] AndroidManifest.xml:26:13-46
129            android:exported="true"
129-->[com.google.firebase:firebase-auth:19.2.0] AndroidManifest.xml:27:13-36
130            android:launchMode="singleTask"
130-->[com.google.firebase:firebase-auth:19.2.0] AndroidManifest.xml:28:13-44
131            android:permission="com.google.firebase.auth.api.gms.permission.LAUNCH_FEDERATED_SIGN_IN"
131-->[com.google.firebase:firebase-auth:19.2.0] AndroidManifest.xml:29:13-102
132            android:theme="@android:style/Theme.Translucent.NoTitleBar" />
132-->[com.google.firebase:firebase-auth:19.2.0] AndroidManifest.xml:30:13-72
133
134        <service
134-->[com.google.firebase:firebase-auth:19.2.0] AndroidManifest.xml:33:9-39:19
135            android:name="com.google.firebase.components.ComponentDiscoveryService"
135-->[com.google.firebase:firebase-auth:19.2.0] AndroidManifest.xml:34:13-84
136            android:directBootAware="true"
136-->[com.google.firebase:firebase-common:19.3.0] AndroidManifest.xml:34:13-43
137            android:exported="false" >
137-->[com.google.firebase:firebase-auth:19.2.0] AndroidManifest.xml:35:13-37
138            <meta-data
138-->[com.google.firebase:firebase-auth:19.2.0] AndroidManifest.xml:36:13-38:85
139                android:name="com.google.firebase.components:com.google.firebase.auth.FirebaseAuthRegistrar"
139-->[com.google.firebase:firebase-auth:19.2.0] AndroidManifest.xml:37:17-109
140                android:value="com.google.firebase.components.ComponentRegistrar" />
140-->[com.google.firebase:firebase-auth:19.2.0] AndroidManifest.xml:38:17-82
141            <meta-data
141-->[com.google.firebase:firebase-firestore:21.4.0] AndroidManifest.xml:20:13-22:85
142                android:name="com.google.firebase.components:com.google.firebase.firestore.FirestoreRegistrar"
142-->[com.google.firebase:firebase-firestore:21.4.0] AndroidManifest.xml:21:17-111
143                android:value="com.google.firebase.components.ComponentRegistrar" />
143-->[com.google.firebase:firebase-firestore:21.4.0] AndroidManifest.xml:22:17-82
144            <meta-data
144-->[com.google.firebase:firebase-storage:19.1.1] AndroidManifest.xml:33:13-35:85
145                android:name="com.google.firebase.components:com.google.firebase.storage.StorageRegistrar"
145-->[com.google.firebase:firebase-storage:19.1.1] AndroidManifest.xml:34:17-107
146                android:value="com.google.firebase.components.ComponentRegistrar" />
146-->[com.google.firebase:firebase-storage:19.1.1] AndroidManifest.xml:35:17-82
147            <meta-data
147-->[com.google.android.gms:play-services-measurement-api:17.2.2] AndroidManifest.xml:30:13-32:85
148                android:name="com.google.firebase.components:com.google.firebase.analytics.connector.internal.AnalyticsConnectorRegistrar"
148-->[com.google.android.gms:play-services-measurement-api:17.2.2] AndroidManifest.xml:31:17-139
149                android:value="com.google.firebase.components.ComponentRegistrar" />
149-->[com.google.android.gms:play-services-measurement-api:17.2.2] AndroidManifest.xml:32:17-82
150            <meta-data
150-->[com.google.firebase:firebase-iid:20.0.2] AndroidManifest.xml:32:13-34:85
151                android:name="com.google.firebase.components:com.google.firebase.iid.Registrar"
151-->[com.google.firebase:firebase-iid:20.0.2] AndroidManifest.xml:33:17-96
152                android:value="com.google.firebase.components.ComponentRegistrar" />
152-->[com.google.firebase:firebase-iid:20.0.2] AndroidManifest.xml:34:17-82
153        </service>
154
155        <activity
155-->[com.google.android.gms:play-services-auth:17.0.0] AndroidManifest.xml:23:9-27:75
156            android:name="com.google.android.gms.auth.api.signin.internal.SignInHubActivity"
156-->[com.google.android.gms:play-services-auth:17.0.0] AndroidManifest.xml:24:13-93
157            android:excludeFromRecents="true"
157-->[com.google.android.gms:play-services-auth:17.0.0] AndroidManifest.xml:25:13-46
158            android:exported="false"
158-->[com.google.android.gms:play-services-auth:17.0.0] AndroidManifest.xml:26:13-37
159            android:theme="@android:style/Theme.Translucent.NoTitleBar" />
159-->[com.google.android.gms:play-services-auth:17.0.0] AndroidManifest.xml:27:13-72
160        <!--
161            Service handling Google Sign-In user revocation. For apps that do not integrate with
162            Google Sign-In, this service will never be started.
163        -->
164        <service
164-->[com.google.android.gms:play-services-auth:17.0.0] AndroidManifest.xml:33:9-36:110
165            android:name="com.google.android.gms.auth.api.signin.RevocationBoundService"
165-->[com.google.android.gms:play-services-auth:17.0.0] AndroidManifest.xml:34:13-89
166            android:exported="true"
166-->[com.google.android.gms:play-services-auth:17.0.0] AndroidManifest.xml:35:13-36
167            android:permission="com.google.android.gms.auth.api.signin.permission.REVOCATION_NOTIFICATION" />
167-->[com.google.android.gms:play-services-auth:17.0.0] AndroidManifest.xml:36:13-107
168
169        <receiver
169-->[com.google.firebase:firebase-iid:20.0.2] AndroidManifest.xml:37:9-44:20
170            android:name="com.google.firebase.iid.FirebaseInstanceIdReceiver"
170-->[com.google.firebase:firebase-iid:20.0.2] AndroidManifest.xml:38:13-78
171            android:exported="true"
171-->[com.google.firebase:firebase-iid:20.0.2] AndroidManifest.xml:39:13-36
172            android:permission="com.google.android.c2dm.permission.SEND" >
172-->[com.google.firebase:firebase-iid:20.0.2] AndroidManifest.xml:40:13-73
173            <intent-filter>
173-->[com.google.firebase:firebase-iid:20.0.2] AndroidManifest.xml:41:13-43:29
174                <action android:name="com.google.android.c2dm.intent.RECEIVE" />
174-->[com.google.firebase:firebase-iid:20.0.2] AndroidManifest.xml:42:17-81
174-->[com.google.firebase:firebase-iid:20.0.2] AndroidManifest.xml:42:25-78
175            </intent-filter>
176        </receiver>
177
178        <activity
178-->[com.google.android.gms:play-services-base:17.1.0] AndroidManifest.xml:23:9-26:75
179            android:name="com.google.android.gms.common.api.GoogleApiActivity"
179-->[com.google.android.gms:play-services-base:17.1.0] AndroidManifest.xml:24:13-79
180            android:exported="false"
180-->[com.google.android.gms:play-services-base:17.1.0] AndroidManifest.xml:25:13-37
181            android:theme="@android:style/Theme.Translucent.NoTitleBar" />
181-->[com.google.android.gms:play-services-base:17.1.0] AndroidManifest.xml:26:13-72
182
183        <receiver
183-->[com.google.android.gms:play-services-measurement:17.2.2] AndroidManifest.xml:29:9-33:20
184            android:name="com.google.android.gms.measurement.AppMeasurementReceiver"
184-->[com.google.android.gms:play-services-measurement:17.2.2] AndroidManifest.xml:30:13-85
185            android:enabled="true"
185-->[com.google.android.gms:play-services-measurement:17.2.2] AndroidManifest.xml:31:13-35
186            android:exported="false" >
186-->[com.google.android.gms:play-services-measurement:17.2.2] AndroidManifest.xml:32:13-37
187        </receiver>
188        <receiver
188-->[com.google.android.gms:play-services-measurement:17.2.2] AndroidManifest.xml:34:9-42:20
189            android:name="com.google.android.gms.measurement.AppMeasurementInstallReferrerReceiver"
189-->[com.google.android.gms:play-services-measurement:17.2.2] AndroidManifest.xml:35:13-100
190            android:enabled="true"
190-->[com.google.android.gms:play-services-measurement:17.2.2] AndroidManifest.xml:36:13-35
191            android:exported="true"
191-->[com.google.android.gms:play-services-measurement:17.2.2] AndroidManifest.xml:37:13-36
192            android:permission="android.permission.INSTALL_PACKAGES" >
192-->[com.google.android.gms:play-services-measurement:17.2.2] AndroidManifest.xml:38:13-69
193            <intent-filter>
193-->[com.google.android.gms:play-services-measurement:17.2.2] AndroidManifest.xml:39:13-41:29
194                <action android:name="com.android.vending.INSTALL_REFERRER" />
194-->[com.google.android.gms:play-services-measurement:17.2.2] AndroidManifest.xml:40:17-79
194-->[com.google.android.gms:play-services-measurement:17.2.2] AndroidManifest.xml:40:25-76
195            </intent-filter>
196        </receiver>
197
198        <service
198-->[com.google.android.gms:play-services-measurement:17.2.2] AndroidManifest.xml:44:9-47:40
199            android:name="com.google.android.gms.measurement.AppMeasurementService"
199-->[com.google.android.gms:play-services-measurement:17.2.2] AndroidManifest.xml:45:13-84
200            android:enabled="true"
200-->[com.google.android.gms:play-services-measurement:17.2.2] AndroidManifest.xml:46:13-35
201            android:exported="false" />
201-->[com.google.android.gms:play-services-measurement:17.2.2] AndroidManifest.xml:47:13-37
202        <service
202-->[com.google.android.gms:play-services-measurement:17.2.2] AndroidManifest.xml:48:9-52:72
203            android:name="com.google.android.gms.measurement.AppMeasurementJobService"
203-->[com.google.android.gms:play-services-measurement:17.2.2] AndroidManifest.xml:49:13-87
204            android:enabled="true"
204-->[com.google.android.gms:play-services-measurement:17.2.2] AndroidManifest.xml:50:13-35
205            android:exported="false"
205-->[com.google.android.gms:play-services-measurement:17.2.2] AndroidManifest.xml:51:13-37
206            android:permission="android.permission.BIND_JOB_SERVICE" />
206-->[com.google.android.gms:play-services-measurement:17.2.2] AndroidManifest.xml:52:13-69
207
208        <provider
208-->[com.google.firebase:firebase-common:19.3.0] AndroidManifest.xml:26:9-30:39
209            android:name="com.google.firebase.provider.FirebaseInitProvider"
209-->[com.google.firebase:firebase-common:19.3.0] AndroidManifest.xml:27:13-77
210            android:authorities="ke.co.kelynpaul.scribblr.firebaseinitprovider"
210-->[com.google.firebase:firebase-common:19.3.0] AndroidManifest.xml:28:13-72
211            android:exported="false"
211-->[com.google.firebase:firebase-common:19.3.0] AndroidManifest.xml:29:13-37
212            android:initOrder="100" />
212-->[com.google.firebase:firebase-common:19.3.0] AndroidManifest.xml:30:13-36
213        <provider
213-->[androidx.lifecycle:lifecycle-process:2.1.0] AndroidManifest.xml:23:9-27:43
214            android:name="androidx.lifecycle.ProcessLifecycleOwnerInitializer"
214-->[androidx.lifecycle:lifecycle-process:2.1.0] AndroidManifest.xml:24:13-79
215            android:authorities="ke.co.kelynpaul.scribblr.lifecycle-process"
215-->[androidx.lifecycle:lifecycle-process:2.1.0] AndroidManifest.xml:25:13-69
216            android:exported="false"
216-->[androidx.lifecycle:lifecycle-process:2.1.0] AndroidManifest.xml:26:13-37
217            android:multiprocess="true" />
217-->[androidx.lifecycle:lifecycle-process:2.1.0] AndroidManifest.xml:27:13-40
218    </application>
219
220</manifest>